Using pre-set license
Built from '2020.3/staging' branch; Version is '2020.3.6f1 (338bb68529b2) revision 3378102'; Using compiler version '192528614'; Build Type 'Release'
OS: 'Windows 10 Pro; OS build 19043.1348; Version 2009; 64bit' Language: 'tr' Physical Memory: 8152 MB
BatchMode: 1, IsHumanControllingUs: 0, StartBugReporterOnCrash: 0, Is64bit: 1, IsPro: 0

 COMMAND LINE ARGUMENTS:
C:\Program Files\2020.3.6f1\Editor\Unity.exe
-adb2
-batchMode
-noUpm
-name
AssetImportWorker0
-projectPath
C:/Users/polat/Desktop/Fireworks
-logFile
Logs/AssetImportWorker0.log
-srvPort
51262
Successfully changed project path to: C:/Users/polat/Desktop/Fireworks
C:/Users/polat/Desktop/Fireworks
Using Asset Import Pipeline V2.
Refreshing native plugins compatible for Editor in 117.13 ms, found 3 plugins.
Preloading 0 native plugins for Editor in 0.00 ms.
Initialize engine version: 2020.3.6f1 (338bb68529b2)
[Subsystems] Discovering subsystems at path C:/Program Files/2020.3.6f1/Editor/Data/Resources/UnitySubsystems
[Subsystems] Discovering subsystems at path C:/Users/polat/Desktop/Fireworks/Assets
GfxDevice: creating device client; threaded=0
Direct3D:
    Version:  Direct3D 11.0 [level 11.0]
    Renderer: NVIDIA GeForce GTX 750 Ti (ID=0x1380)
    Vendor:   
    VRAM:     2007 MB
    Driver:   27.21.14.5671
Initialize mono
Mono path[0] = 'C:/Program Files/2020.3.6f1/Editor/Data/Managed'
Mono path[1] = 'C:/Program Files/2020.3.6f1/Editor/Data/MonoBleedingEdge/lib/mono/unityjit'
Mono config path = 'C:/Program Files/2020.3.6f1/Editor/Data/MonoBleedingEdge/etc'
Using monoOptions --debugger-agent=transport=dt_socket,embedding=1,server=y,suspend=n,address=127.0.0.1:56596
Begin MonoManager ReloadAssembly
Registering precompiled unity dll's ...
Register platform support module: C:/Program Files/2020.3.6f1/Editor/Data/PlaybackEngines/WindowsStandaloneSupport/UnityEditor.WindowsStandalone.Extensions.dll
Registered in 0.002360 seconds.
Native extension for WindowsStandalone target not found
Refreshing native plugins compatible for Editor in 94.78 ms, found 3 plugins.
Preloading 0 native plugins for Editor in 0.00 ms.
Mono: successfully reloaded assembly
- Completed reload, in  3.470 seconds
Platform modules already initialized, skipping
Registering precompiled user dll's ...
Registered in 0.003555 seconds.
Begin MonoManager ReloadAssembly
Native extension for WindowsStandalone target not found
Refreshing native plugins compatible for Editor in 95.25 ms, found 3 plugins.
Preloading 0 native plugins for Editor in 0.00 ms.
Mono: successfully reloaded assembly
- Completed reload, in  1.318 seconds
Platform modules already initialized, skipping
========================================================================
Worker process is ready to serve import requests
Launched and connected shader compiler UnityShaderCompiler.exe after 0.06 seconds
Refreshing native plugins compatible for Editor in 0.52 ms, found 3 plugins.
Preloading 0 native plugins for Editor in 0.00 ms.
Unloading 1811 Unused Serialized files (Serialized files now loaded: 0)
System memory in use before: 194.4 MB.
System memory in use after: 192.5 MB.

Unloading 26 unused Assets to reduce memory usage. Loaded Objects now: 2247.
Total: 3.970900 ms (FindLiveObjects: 0.395600 ms CreateObjectMapping: 0.204500 ms MarkObjects: 2.488100 ms  DeleteObjects: 0.881000 ms)

========================================================================
Received Import Request.
  path: Assets/Level Prefabs/Level5.prefab
  artifactKey: Guid(2d18f0e12bbe00e4084d87b6c3b9968a) Importer(815301076,1909f56bfc062723c751e8b465ee728b)
Start importing Assets/Level Prefabs/Level5.prefab using Guid(2d18f0e12bbe00e4084d87b6c3b9968a) Importer(815301076,1909f56bfc062723c751e8b465ee728b)  -> (artifact id: '5c4b8fc0e32ecc310158e92f1b1019ce') in 0.678263 seconds
  Import took 0.694567 seconds .

========================================================================
Received Import Request.
  Time since last request: 0.117784 seconds.
  path: Assets/Level Prefabs/Level2.prefab
  artifactKey: Guid(7c3800ce27c02ba4cb3877ad02139fd7) Importer(815301076,1909f56bfc062723c751e8b465ee728b)
Start importing Assets/Level Prefabs/Level2.prefab using Guid(7c3800ce27c02ba4cb3877ad02139fd7) Importer(815301076,1909f56bfc062723c751e8b465ee728b)  -> (artifact id: 'f2d798e6758203ab00a824ffba2bdcc4') in 0.344594 seconds
  Import took 0.354926 seconds .

========================================================================
Received Import Request.
  Time since last request: 11.787831 seconds.
  path: Assets/Level Prefabs/Level2.prefab
  artifactKey: Guid(7c3800ce27c02ba4cb3877ad02139fd7) Importer(815301076,1909f56bfc062723c751e8b465ee728b)
Start importing Assets/Level Prefabs/Level2.prefab using Guid(7c3800ce27c02ba4cb3877ad02139fd7) Importer(815301076,1909f56bfc062723c751e8b465ee728b)  -> (artifact id: '12135a56cd9acf4fa59e43dfb6a62668') in 0.367283 seconds
  Import took 0.376013 seconds .

========================================================================
Received Import Request.
  Time since last request: 5.325873 seconds.
  path: Assets/Level Prefabs/Level2.prefab
  artifactKey: Guid(7c3800ce27c02ba4cb3877ad02139fd7) Importer(815301076,1909f56bfc062723c751e8b465ee728b)
Start importing Assets/Level Prefabs/Level2.prefab using Guid(7c3800ce27c02ba4cb3877ad02139fd7) Importer(815301076,1909f56bfc062723c751e8b465ee728b)  -> (artifact id: '4990dc1a8d7e62441641ba814521fb26') in 0.293543 seconds
  Import took 0.304326 seconds .

========================================================================
Received Import Request.
  Time since last request: 3.425256 seconds.
  path: Assets/Level Prefabs/Level2.prefab
  artifactKey: Guid(7c3800ce27c02ba4cb3877ad02139fd7) Importer(815301076,1909f56bfc062723c751e8b465ee728b)
Start importing Assets/Level Prefabs/Level2.prefab using Guid(7c3800ce27c02ba4cb3877ad02139fd7) Importer(815301076,1909f56bfc062723c751e8b465ee728b)  -> (artifact id: '2ef4a5f69b64d2e7408508e38c649720') in 0.566927 seconds
  Import took 0.575649 seconds .

========================================================================
Received Import Request.
  Time since last request: 6.453001 seconds.
  path: Assets/Level Prefabs/Level2.prefab
  artifactKey: Guid(7c3800ce27c02ba4cb3877ad02139fd7) Importer(815301076,1909f56bfc062723c751e8b465ee728b)
Start importing Assets/Level Prefabs/Level2.prefab using Guid(7c3800ce27c02ba4cb3877ad02139fd7) Importer(815301076,1909f56bfc062723c751e8b465ee728b)  -> (artifact id: '8223893a5a75f3db313db8fea66218f9') in 0.287401 seconds
  Import took 0.298880 seconds .

========================================================================
Received Import Request.
  Time since last request: 4.722649 seconds.
  path: Assets/Level Prefabs/Level2.prefab
  artifactKey: Guid(7c3800ce27c02ba4cb3877ad02139fd7) Importer(815301076,1909f56bfc062723c751e8b465ee728b)
Start importing Assets/Level Prefabs/Level2.prefab using Guid(7c3800ce27c02ba4cb3877ad02139fd7) Importer(815301076,1909f56bfc062723c751e8b465ee728b)  -> (artifact id: 'fa85fe1ebed11a5d5da5e34acdec4160') in 0.268400 seconds
  Import took 0.280452 seconds .

========================================================================
Received Import Request.
  Time since last request: 1.281544 seconds.
  path: Assets/Level Prefabs/Level2.prefab
  artifactKey: Guid(7c3800ce27c02ba4cb3877ad02139fd7) Importer(815301076,1909f56bfc062723c751e8b465ee728b)
Start importing Assets/Level Prefabs/Level2.prefab using Guid(7c3800ce27c02ba4cb3877ad02139fd7) Importer(815301076,1909f56bfc062723c751e8b465ee728b)  -> (artifact id: 'df10ee2dea1faf879c436ca4b8dc46f8') in 0.265587 seconds
  Import took 0.275929 seconds .

========================================================================
Received Import Request.
  Time since last request: 5.359691 seconds.
  path: Assets/Level Prefabs/Level2.prefab
  artifactKey: Guid(7c3800ce27c02ba4cb3877ad02139fd7) Importer(815301076,1909f56bfc062723c751e8b465ee728b)
Start importing Assets/Level Prefabs/Level2.prefab using Guid(7c3800ce27c02ba4cb3877ad02139fd7) Importer(815301076,1909f56bfc062723c751e8b465ee728b)  -> (artifact id: '4d25e7d7fbaf7564f247896cd96f3c27') in 0.284968 seconds
  Import took 0.294600 seconds .

========================================================================
Received Import Request.
  Time since last request: 4.908734 seconds.
  path: Assets/Level Prefabs/Level2.prefab
  artifactKey: Guid(7c3800ce27c02ba4cb3877ad02139fd7) Importer(815301076,1909f56bfc062723c751e8b465ee728b)
Start importing Assets/Level Prefabs/Level2.prefab using Guid(7c3800ce27c02ba4cb3877ad02139fd7) Importer(815301076,1909f56bfc062723c751e8b465ee728b)  -> (artifact id: '729243b9beb58926e340d2bb72ab230c') in 0.429959 seconds
  Import took 0.438903 seconds .

========================================================================
Received Import Request.
  Time since last request: 7.764036 seconds.
  path: Assets/Level Prefabs/Level2.prefab
  artifactKey: Guid(7c3800ce27c02ba4cb3877ad02139fd7) Importer(815301076,1909f56bfc062723c751e8b465ee728b)
Start importing Assets/Level Prefabs/Level2.prefab using Guid(7c3800ce27c02ba4cb3877ad02139fd7) Importer(815301076,1909f56bfc062723c751e8b465ee728b)  -> (artifact id: '96e9dca3772755172bdd28594735be78') in 0.292951 seconds
  Import took 0.303708 seconds .

========================================================================
Received Import Request.
  Time since last request: 5.274318 seconds.
  path: ProjectSettings/TagManager.asset
  artifactKey: Guid(00000000000000003000000000000000) Importer(815301076,1909f56bfc062723c751e8b465ee728b)
Start importing ProjectSettings/TagManager.asset using Guid(00000000000000003000000000000000) Importer(815301076,1909f56bfc062723c751e8b465ee728b)  -> (artifact id: 'eb0ccf570a409c596dc0829b2943b1a0') in 0.028357 seconds
  Import took 0.034344 seconds .

========================================================================
Received Import Request.
  Time since last request: 8.426908 seconds.
  path: Assets/Level Prefabs/Level2.prefab
  artifactKey: Guid(7c3800ce27c02ba4cb3877ad02139fd7) Importer(815301076,1909f56bfc062723c751e8b465ee728b)
Start importing Assets/Level Prefabs/Level2.prefab using Guid(7c3800ce27c02ba4cb3877ad02139fd7) Importer(815301076,1909f56bfc062723c751e8b465ee728b)  -> (artifact id: 'ceb5e77e2259df9aa1afa01a00bd8de5') in 0.476112 seconds
  Import took 0.491693 seconds .

========================================================================
Received Import Request.
  Time since last request: 2.061700 seconds.
  path: Assets/Level Prefabs/Level2.prefab
  artifactKey: Guid(7c3800ce27c02ba4cb3877ad02139fd7) Importer(815301076,1909f56bfc062723c751e8b465ee728b)
Start importing Assets/Level Prefabs/Level2.prefab using Guid(7c3800ce27c02ba4cb3877ad02139fd7) Importer(815301076,1909f56bfc062723c751e8b465ee728b)  -> (artifact id: 'e1de0cf8412eed7e4efb0da5d40513d4') in 0.274815 seconds
  Import took 0.283640 seconds .

========================================================================
Received Import Request.
  Time since last request: 2.739898 seconds.
  path: Assets/Level Prefabs/Level2.prefab
  artifactKey: Guid(7c3800ce27c02ba4cb3877ad02139fd7) Importer(815301076,1909f56bfc062723c751e8b465ee728b)
Start importing Assets/Level Prefabs/Level2.prefab using Guid(7c3800ce27c02ba4cb3877ad02139fd7) Importer(815301076,1909f56bfc062723c751e8b465ee728b)  -> (artifact id: '313a69791e4faa05d85684e1ace53de3') in 0.287024 seconds
  Import took 0.300501 seconds .

========================================================================
Received Import Request.
  Time since last request: 2.882362 seconds.
  path: Assets/Level Prefabs/Level2.prefab
  artifactKey: Guid(7c3800ce27c02ba4cb3877ad02139fd7) Importer(815301076,1909f56bfc062723c751e8b465ee728b)
Start importing Assets/Level Prefabs/Level2.prefab using Guid(7c3800ce27c02ba4cb3877ad02139fd7) Importer(815301076,1909f56bfc062723c751e8b465ee728b)  -> (artifact id: '1cce469db4624b040fbed5fe3d7b167b') in 0.321659 seconds
  Import took 0.333056 seconds .

========================================================================
Received Import Request.
  Time since last request: 9.872431 seconds.
  path: Assets/Level Prefabs/Level2.prefab
  artifactKey: Guid(7c3800ce27c02ba4cb3877ad02139fd7) Importer(815301076,1909f56bfc062723c751e8b465ee728b)
Start importing Assets/Level Prefabs/Level2.prefab using Guid(7c3800ce27c02ba4cb3877ad02139fd7) Importer(815301076,1909f56bfc062723c751e8b465ee728b)  -> (artifact id: '9e69c3ddb9601ee05618e82766827bc4') in 0.312817 seconds
  Import took 0.347145 seconds .

========================================================================
Received Import Request.
  Time since last request: 3.672015 seconds.
  path: Assets/Level Prefabs/Level2.prefab
  artifactKey: Guid(7c3800ce27c02ba4cb3877ad02139fd7) Importer(815301076,1909f56bfc062723c751e8b465ee728b)
Start importing Assets/Level Prefabs/Level2.prefab using Guid(7c3800ce27c02ba4cb3877ad02139fd7) Importer(815301076,1909f56bfc062723c751e8b465ee728b)  -> (artifact id: 'dbf2840681691a9d9d5aa2758d7f45ad') in 0.383514 seconds
  Import took 0.397639 seconds .

========================================================================
Received Import Request.
  Time since last request: 2.576298 seconds.
  path: Assets/Level Prefabs/Level2.prefab
  artifactKey: Guid(7c3800ce27c02ba4cb3877ad02139fd7) Importer(815301076,1909f56bfc062723c751e8b465ee728b)
Start importing Assets/Level Prefabs/Level2.prefab using Guid(7c3800ce27c02ba4cb3877ad02139fd7) Importer(815301076,1909f56bfc062723c751e8b465ee728b)  -> (artifact id: 'ffb2cf2b2a2749c439b970ee51acccaf') in 0.272997 seconds
  Import took 0.282217 seconds .

========================================================================
Received Import Request.
  Time since last request: 1.692950 seconds.
  path: Assets/Level Prefabs/Level2.prefab
  artifactKey: Guid(7c3800ce27c02ba4cb3877ad02139fd7) Importer(815301076,1909f56bfc062723c751e8b465ee728b)
Start importing Assets/Level Prefabs/Level2.prefab using Guid(7c3800ce27c02ba4cb3877ad02139fd7) Importer(815301076,1909f56bfc062723c751e8b465ee728b)  -> (artifact id: 'c055f5bf8a217bc2f775ad31cb98cea3') in 0.351111 seconds
  Import took 0.364997 seconds .

========================================================================
Received Import Request.
  Time since last request: 5.190016 seconds.
  path: Assets/Level Prefabs/Level2.prefab
  artifactKey: Guid(7c3800ce27c02ba4cb3877ad02139fd7) Importer(815301076,1909f56bfc062723c751e8b465ee728b)
Start importing Assets/Level Prefabs/Level2.prefab using Guid(7c3800ce27c02ba4cb3877ad02139fd7) Importer(815301076,1909f56bfc062723c751e8b465ee728b)  -> (artifact id: 'b7b8261e54cdfa8380bdc6a807992d0f') in 0.294901 seconds
  Import took 0.304615 seconds .

========================================================================
Received Import Request.
  Time since last request: 3.510020 seconds.
  path: Assets/Level Prefabs/Level2.prefab
  artifactKey: Guid(7c3800ce27c02ba4cb3877ad02139fd7) Importer(815301076,1909f56bfc062723c751e8b465ee728b)
Start importing Assets/Level Prefabs/Level2.prefab using Guid(7c3800ce27c02ba4cb3877ad02139fd7) Importer(815301076,1909f56bfc062723c751e8b465ee728b)  -> (artifact id: '9c59109c7fb7d122aeccfc0e7a6eaee5') in 0.666305 seconds
  Import took 0.679041 seconds .

========================================================================
Received Import Request.
  Time since last request: 16.179551 seconds.
  path: Assets/Level Prefabs/Level2.prefab
  artifactKey: Guid(7c3800ce27c02ba4cb3877ad02139fd7) Importer(815301076,1909f56bfc062723c751e8b465ee728b)
Start importing Assets/Level Prefabs/Level2.prefab using Guid(7c3800ce27c02ba4cb3877ad02139fd7) Importer(815301076,1909f56bfc062723c751e8b465ee728b)  -> (artifact id: '0d9b7dbc65c37b981bf8ee4146b1414c') in 0.329405 seconds
  Import took 0.341554 seconds .

========================================================================
Received Import Request.
  Time since last request: 1.349024 seconds.
  path: Assets/Level Prefabs/Level2.prefab
  artifactKey: Guid(7c3800ce27c02ba4cb3877ad02139fd7) Importer(815301076,1909f56bfc062723c751e8b465ee728b)
Start importing Assets/Level Prefabs/Level2.prefab using Guid(7c3800ce27c02ba4cb3877ad02139fd7) Importer(815301076,1909f56bfc062723c751e8b465ee728b)  -> (artifact id: 'ed50592e66d11af4a058e45b77d634f4') in 0.297214 seconds
  Import took 0.309186 seconds .

========================================================================
Received Import Request.
  Time since last request: 2.879310 seconds.
  path: Assets/Level Prefabs/Level2.prefab
  artifactKey: Guid(7c3800ce27c02ba4cb3877ad02139fd7) Importer(815301076,1909f56bfc062723c751e8b465ee728b)
Start importing Assets/Level Prefabs/Level2.prefab using Guid(7c3800ce27c02ba4cb3877ad02139fd7) Importer(815301076,1909f56bfc062723c751e8b465ee728b)  -> (artifact id: '970da16cabcee89ed7d9149169574a65') in 0.260130 seconds
  Import took 0.272473 seconds .

========================================================================
Received Import Request.
  Time since last request: 9.519518 seconds.
  path: Assets/Level Prefabs/Level2.prefab
  artifactKey: Guid(7c3800ce27c02ba4cb3877ad02139fd7) Importer(815301076,1909f56bfc062723c751e8b465ee728b)
Start importing Assets/Level Prefabs/Level2.prefab using Guid(7c3800ce27c02ba4cb3877ad02139fd7) Importer(815301076,1909f56bfc062723c751e8b465ee728b)  -> (artifact id: '7566dbe5e7fb6bf0fe2185bcfe1690f3') in 0.284522 seconds
  Import took 0.297622 seconds .

========================================================================
Received Import Request.
  Time since last request: 2.304561 seconds.
  path: Assets/Level Prefabs/Level2.prefab
  artifactKey: Guid(7c3800ce27c02ba4cb3877ad02139fd7) Importer(815301076,1909f56bfc062723c751e8b465ee728b)
Start importing Assets/Level Prefabs/Level2.prefab using Guid(7c3800ce27c02ba4cb3877ad02139fd7) Importer(815301076,1909f56bfc062723c751e8b465ee728b)  -> (artifact id: '56632b6cf6fd03e7ce0a3eaf32a7d628') in 0.324817 seconds
  Import took 0.337198 seconds .

========================================================================
Received Import Request.
  Time since last request: 27.812518 seconds.
  path: Assets/Level Prefabs/Level2.prefab
  artifactKey: Guid(7c3800ce27c02ba4cb3877ad02139fd7) Importer(815301076,1909f56bfc062723c751e8b465ee728b)
Start importing Assets/Level Prefabs/Level2.prefab using Guid(7c3800ce27c02ba4cb3877ad02139fd7) Importer(815301076,1909f56bfc062723c751e8b465ee728b)  -> (artifact id: 'b546110cc7b4c44ed53322eb81eb9312') in 0.358594 seconds
  Import took 0.398102 seconds .

========================================================================
Received Import Request.
  Time since last request: 9.598801 seconds.
  path: Assets/Materials
  artifactKey: Guid(a20aef0e171f37f4aa1bc032e8bfbf47) Importer(815301076,1909f56bfc062723c751e8b465ee728b)
Start importing Assets/Materials using Guid(a20aef0e171f37f4aa1bc032e8bfbf47) Importer(815301076,1909f56bfc062723c751e8b465ee728b)  -> (artifact id: 'bca19ef0c39bec61a86c13ec00f6a690') in 0.010899 seconds
  Import took 0.019145 seconds .

========================================================================
Received Import Request.
  Time since last request: 8.827468 seconds.
  path: Assets/Materials/obstacles.mat
  artifactKey: Guid(dde179293c7205642a279a88913263ac) Importer(815301076,1909f56bfc062723c751e8b465ee728b)
Start importing Assets/Materials/obstacles.mat using Guid(dde179293c7205642a279a88913263ac) Importer(815301076,1909f56bfc062723c751e8b465ee728b)  -> (artifact id: 'ec587172600aa2a318e891c8ec03a65d') in 0.046381 seconds
  Import took 0.053498 seconds .

========================================================================
Received Import Request.
  Time since last request: 45.046690 seconds.
  path: Assets/Materials/obstacles.mat
  artifactKey: Guid(dde179293c7205642a279a88913263ac) Importer(815301076,1909f56bfc062723c751e8b465ee728b)
Start importing Assets/Materials/obstacles.mat using Guid(dde179293c7205642a279a88913263ac) Importer(815301076,1909f56bfc062723c751e8b465ee728b)  -> (artifact id: '90aec3d26e6bc8f07c2730cf142d0da8') in 0.022623 seconds
  Import took 0.029488 seconds .

========================================================================
Received Prepare
Registering precompiled user dll's ...
Registered in 0.008425 seconds.
Begin MonoManager ReloadAssembly
Native extension for WindowsStandalone target not found
Refreshing native plugins compatible for Editor in 0.51 ms, found 3 plugins.
Preloading 0 native plugins for Editor in 0.00 ms.
Mono: successfully reloaded assembly
- Completed reload, in  1.014 seconds
Platform modules already initialized, skipping
Switching build target platform(5) subTarget(0) extendedPlatform(0) -> platform(13) subTarget(589824) extendedPlatform(0)
Refreshing native plugins compatible for Editor in 0.60 ms, found 3 plugins.
Preloading 0 native plugins for Editor in 0.00 ms.
Unloading 1688 Unused Serialized files (Serialized files now loaded: 0)
System memory in use before: 185.6 MB.
System memory in use after: 183.7 MB.

Unloading 24 unused Assets to reduce memory usage. Loaded Objects now: 2293.
Total: 3.349600 ms (FindLiveObjects: 0.339400 ms CreateObjectMapping: 0.201500 ms MarkObjects: 1.663300 ms  DeleteObjects: 1.143600 ms)

AssetImportParameters requested are different than current active one (requested -> active):
  custom:graphics/normal-map-encoding: 01000000000000000000000000000000 -> 02000000000000000000000000000000
========================================================================
Received Prepare
Registering precompiled user dll's ...
Registered in 0.002472 seconds.
Begin MonoManager ReloadAssembly
Native extension for WindowsStandalone target not found
Refreshing native plugins compatible for Editor in 0.51 ms, found 3 plugins.
Preloading 0 native plugins for Editor in 0.00 ms.
Mono: successfully reloaded assembly
- Completed reload, in  1.532 seconds
Platform modules already initialized, skipping
Switching build target platform(5) subTarget(0) extendedPlatform(0) -> platform(13) subTarget(589824) extendedPlatform(0)
Refreshing native plugins compatible for Editor in 0.56 ms, found 3 plugins.
Preloading 0 native plugins for Editor in 0.00 ms.
Unloading 1688 Unused Serialized files (Serialized files now loaded: 0)
System memory in use before: 185.6 MB.
System memory in use after: 183.7 MB.

Unloading 21 unused Assets to reduce memory usage. Loaded Objects now: 2296.
Total: 3.841300 ms (FindLiveObjects: 0.248300 ms CreateObjectMapping: 0.088100 ms MarkObjects: 2.591400 ms  DeleteObjects: 0.911800 ms)

AssetImportParameters requested are different than current active one (requested -> active):
  custom:graphics/normal-map-encoding: 01000000000000000000000000000000 -> 02000000000000000000000000000000
========================================================================
Received Import Request.
  Time since last request: 1508.352785 seconds.
  path: Assets/Level Prefabs/Level2.prefab
  artifactKey: Guid(7c3800ce27c02ba4cb3877ad02139fd7) Importer(815301076,1909f56bfc062723c751e8b465ee728b)
Start importing Assets/Level Prefabs/Level2.prefab using Guid(7c3800ce27c02ba4cb3877ad02139fd7) Importer(815301076,1909f56bfc062723c751e8b465ee728b)  -> (artifact id: '835e0a23d3255a9314d91ecb46676117') in 0.566855 seconds
  Import took 0.580947 seconds .

========================================================================
Received Prepare
Registering precompiled user dll's ...
Registered in 0.002168 seconds.
Begin MonoManager ReloadAssembly
Native extension for WindowsStandalone target not found
Refreshing native plugins compatible for Editor in 1.44 ms, found 3 plugins.
Preloading 0 native plugins for Editor in 0.00 ms.
Mono: successfully reloaded assembly
- Completed reload, in  1.762 seconds
Platform modules already initialized, skipping
Switching build target platform(5) subTarget(0) extendedPlatform(0) -> platform(13) subTarget(589824) extendedPlatform(0)
Refreshing native plugins compatible for Editor in 0.83 ms, found 3 plugins.
Preloading 0 native plugins for Editor in 0.00 ms.
Unloading 1688 Unused Serialized files (Serialized files now loaded: 0)
System memory in use before: 185.6 MB.
System memory in use after: 183.7 MB.

Unloading 22 unused Assets to reduce memory usage. Loaded Objects now: 2300.
Total: 3.007000 ms (FindLiveObjects: 0.236900 ms CreateObjectMapping: 0.079900 ms MarkObjects: 1.752900 ms  DeleteObjects: 0.935600 ms)

AssetImportParameters requested are different than current active one (requested -> active):
  custom:graphics/normal-map-encoding: 01000000000000000000000000000000 -> 02000000000000000000000000000000
========================================================================
Received Import Request.
  Time since last request: 49.642062 seconds.
  path: Assets/Level Prefabs/Level2.prefab
  artifactKey: Guid(7c3800ce27c02ba4cb3877ad02139fd7) Importer(815301076,1909f56bfc062723c751e8b465ee728b)
Start importing Assets/Level Prefabs/Level2.prefab using Guid(7c3800ce27c02ba4cb3877ad02139fd7) Importer(815301076,1909f56bfc062723c751e8b465ee728b)  -> (artifact id: 'e52603dd9b5d25c5bc5266da3baad641') in 0.427118 seconds
  Import took 0.437020 seconds .

========================================================================
Received Prepare
Registering precompiled user dll's ...
Registered in 0.002730 seconds.
Begin MonoManager ReloadAssembly
Native extension for WindowsStandalone target not found
Refreshing native plugins compatible for Editor in 0.67 ms, found 3 plugins.
Preloading 0 native plugins for Editor in 0.00 ms.
Mono: successfully reloaded assembly
- Completed reload, in  1.650 seconds
Platform modules already initialized, skipping
Switching build target platform(5) subTarget(0) extendedPlatform(0) -> platform(13) subTarget(589824) extendedPlatform(0)
Refreshing native plugins compatible for Editor in 1.06 ms, found 3 plugins.
Preloading 0 native plugins for Editor in 0.00 ms.
Unloading 1688 Unused Serialized files (Serialized files now loaded: 0)
System memory in use before: 185.6 MB.
System memory in use after: 183.7 MB.

Unloading 22 unused Assets to reduce memory usage. Loaded Objects now: 2304.
Total: 6.670400 ms (FindLiveObjects: 0.337400 ms CreateObjectMapping: 0.167800 ms MarkObjects: 5.159700 ms  DeleteObjects: 1.003600 ms)

AssetImportParameters requested are different than current active one (requested -> active):
  custom:graphics/normal-map-encoding: 01000000000000000000000000000000 -> 02000000000000000000000000000000
========================================================================
Received Import Request.
  Time since last request: 74.265197 seconds.
  path: Assets/Level Prefabs/Level2.prefab
  artifactKey: Guid(7c3800ce27c02ba4cb3877ad02139fd7) Importer(815301076,1909f56bfc062723c751e8b465ee728b)
Start importing Assets/Level Prefabs/Level2.prefab using Guid(7c3800ce27c02ba4cb3877ad02139fd7) Importer(815301076,1909f56bfc062723c751e8b465ee728b)  -> (artifact id: '7ad0974477bd3326ccc8d146a67a0c63') in 0.381964 seconds
  Import took 0.393319 seconds .

========================================================================
Received Import Request.
  Time since last request: 1.970496 seconds.
  path: Assets/Level Prefabs/Level2.prefab
  artifactKey: Guid(7c3800ce27c02ba4cb3877ad02139fd7) Importer(815301076,1909f56bfc062723c751e8b465ee728b)
Start importing Assets/Level Prefabs/Level2.prefab using Guid(7c3800ce27c02ba4cb3877ad02139fd7) Importer(815301076,1909f56bfc062723c751e8b465ee728b)  -> (artifact id: '5be55fe6efae6d4d6c99e0a97715ddbe') in 0.332621 seconds
  Import took 0.342395 seconds .

========================================================================
Received Import Request.
  Time since last request: 2.522322 seconds.
  path: Assets/Level Prefabs/Level2.prefab
  artifactKey: Guid(7c3800ce27c02ba4cb3877ad02139fd7) Importer(815301076,1909f56bfc062723c751e8b465ee728b)
Start importing Assets/Level Prefabs/Level2.prefab using Guid(7c3800ce27c02ba4cb3877ad02139fd7) Importer(815301076,1909f56bfc062723c751e8b465ee728b)  -> (artifact id: 'fc696d2f9068b42a5a2e1b780d665df6') in 0.383041 seconds
  Import took 0.395149 seconds .

========================================================================
Received Import Request.
  Time since last request: 1.987127 seconds.
  path: Assets/Level Prefabs/Level2.prefab
  artifactKey: Guid(7c3800ce27c02ba4cb3877ad02139fd7) Importer(815301076,1909f56bfc062723c751e8b465ee728b)
Start importing Assets/Level Prefabs/Level2.prefab using Guid(7c3800ce27c02ba4cb3877ad02139fd7) Importer(815301076,1909f56bfc062723c751e8b465ee728b)  -> (artifact id: 'fa931325fd940631b546f5b90e25535a') in 0.718120 seconds
  Import took 0.732165 seconds .

========================================================================
Received Import Request.
  Time since last request: 27.106332 seconds.
  path: Assets/Level Prefabs/Level2.prefab
  artifactKey: Guid(7c3800ce27c02ba4cb3877ad02139fd7) Importer(815301076,1909f56bfc062723c751e8b465ee728b)
Start importing Assets/Level Prefabs/Level2.prefab using Guid(7c3800ce27c02ba4cb3877ad02139fd7) Importer(815301076,1909f56bfc062723c751e8b465ee728b)  -> (artifact id: 'f259a01bf5efe7148d8343f9490852ca') in 0.374552 seconds
  Import took 0.389704 seconds .

========================================================================
Received Import Request.
  Time since last request: 17.956357 seconds.
  path: Assets/Level Prefabs/Level2.prefab
  artifactKey: Guid(7c3800ce27c02ba4cb3877ad02139fd7) Importer(815301076,1909f56bfc062723c751e8b465ee728b)
Start importing Assets/Level Prefabs/Level2.prefab using Guid(7c3800ce27c02ba4cb3877ad02139fd7) Importer(815301076,1909f56bfc062723c751e8b465ee728b)  -> (artifact id: '67f5ade25bda6f28b656cc60d7a7ef09') in 0.349812 seconds
  Import took 0.362412 seconds .

========================================================================
Received Prepare
Registering precompiled user dll's ...
Registered in 0.002119 seconds.
Begin MonoManager ReloadAssembly
Native extension for WindowsStandalone target not found
Refreshing native plugins compatible for Editor in 0.49 ms, found 3 plugins.
Preloading 0 native plugins for Editor in 0.00 ms.
Mono: successfully reloaded assembly
- Completed reload, in  1.132 seconds
Platform modules already initialized, skipping
Switching build target platform(5) subTarget(0) extendedPlatform(0) -> platform(13) subTarget(589824) extendedPlatform(0)
Refreshing native plugins compatible for Editor in 0.63 ms, found 3 plugins.
Preloading 0 native plugins for Editor in 0.00 ms.
Unloading 1688 Unused Serialized files (Serialized files now loaded: 0)
System memory in use before: 185.7 MB.
System memory in use after: 183.8 MB.

Unloading 22 unused Assets to reduce memory usage. Loaded Objects now: 2308.
Total: 3.538600 ms (FindLiveObjects: 0.416900 ms CreateObjectMapping: 0.099000 ms MarkObjects: 2.018100 ms  DeleteObjects: 1.002600 ms)

AssetImportParameters requested are different than current active one (requested -> active):
  custom:graphics/normal-map-encoding: 01000000000000000000000000000000 -> 02000000000000000000000000000000
========================================================================
Received Import Request.
  Time since last request: 105.749089 seconds.
  path: Assets/Level Prefabs/Level2.prefab
  artifactKey: Guid(7c3800ce27c02ba4cb3877ad02139fd7) Importer(815301076,1909f56bfc062723c751e8b465ee728b)
Start importing Assets/Level Prefabs/Level2.prefab using Guid(7c3800ce27c02ba4cb3877ad02139fd7) Importer(815301076,1909f56bfc062723c751e8b465ee728b)  -> (artifact id: 'e1b94bdb6b9620f8524a4b6f29b66d11') in 0.460575 seconds
  Import took 0.470543 seconds .

========================================================================
Received Prepare
Registering precompiled user dll's ...
Registered in 0.001700 seconds.
Begin MonoManager ReloadAssembly
Native extension for WindowsStandalone target not found
Refreshing native plugins compatible for Editor in 0.50 ms, found 3 plugins.
Preloading 0 native plugins for Editor in 0.00 ms.
Mono: successfully reloaded assembly
- Completed reload, in  1.456 seconds
Platform modules already initialized, skipping
Switching build target platform(5) subTarget(0) extendedPlatform(0) -> platform(13) subTarget(589824) extendedPlatform(0)
Refreshing native plugins compatible for Editor in 0.64 ms, found 3 plugins.
Preloading 0 native plugins for Editor in 0.00 ms.
Unloading 1688 Unused Serialized files (Serialized files now loaded: 0)
System memory in use before: 185.7 MB.
System memory in use after: 183.8 MB.

Unloading 22 unused Assets to reduce memory usage. Loaded Objects now: 2312.
Total: 3.284200 ms (FindLiveObjects: 0.224600 ms CreateObjectMapping: 0.072100 ms MarkObjects: 2.039500 ms  DeleteObjects: 0.946600 ms)

AssetImportParameters requested are different than current active one (requested -> active):
  custom:graphics/normal-map-encoding: 01000000000000000000000000000000 -> 02000000000000000000000000000000
========================================================================
Received Import Request.
  Time since last request: 64.835981 seconds.
  path: Assets/Level Prefabs/Level2.prefab
  artifactKey: Guid(7c3800ce27c02ba4cb3877ad02139fd7) Importer(815301076,1909f56bfc062723c751e8b465ee728b)
Start importing Assets/Level Prefabs/Level2.prefab using Guid(7c3800ce27c02ba4cb3877ad02139fd7) Importer(815301076,1909f56bfc062723c751e8b465ee728b)  -> (artifact id: '9e6ea37a98a138ca7350b7d4de329c5c') in 0.474257 seconds
  Import took 0.483886 seconds .

========================================================================
Received Import Request.
  Time since last request: 14.153576 seconds.
  path: Assets/Level Prefabs/Level1.prefab
  artifactKey: Guid(cb3aa05268f6a024d879149d515e96f2) Importer(815301076,1909f56bfc062723c751e8b465ee728b)
Start importing Assets/Level Prefabs/Level1.prefab using Guid(cb3aa05268f6a024d879149d515e96f2) Importer(815301076,1909f56bfc062723c751e8b465ee728b)  -> (artifact id: '4c574025c2f2e6ae695c58d009ad0a28') in 0.346817 seconds
  Import took 0.361175 seconds .

========================================================================
Received Import Request.
  Time since last request: 2.633248 seconds.
  path: Assets/Level Prefabs/Level3.prefab
  artifactKey: Guid(949936329a8b4df4ba3742887a500be6) Importer(815301076,1909f56bfc062723c751e8b465ee728b)
Start importing Assets/Level Prefabs/Level3.prefab using Guid(949936329a8b4df4ba3742887a500be6) Importer(815301076,1909f56bfc062723c751e8b465ee728b)  -> (artifact id: '826e62cef7e224e14536b5c4a55af9b2') in 0.361803 seconds
  Import took 0.380506 seconds .

========================================================================
Received Import Request.
  Time since last request: 2.749990 seconds.
  path: Assets/Level Prefabs/Level4.prefab
  artifactKey: Guid(cf29022ba39c96e47ac0d918a6a0daaa) Importer(815301076,1909f56bfc062723c751e8b465ee728b)
Start importing Assets/Level Prefabs/Level4.prefab using Guid(cf29022ba39c96e47ac0d918a6a0daaa) Importer(815301076,1909f56bfc062723c751e8b465ee728b)  -> (artifact id: '06cedaa5d6a3857ecbfca0fc500f5959') in 0.457259 seconds
  Import took 0.474580 seconds .

========================================================================
Received Import Request.
  Time since last request: 2.530882 seconds.
  path: Assets/Level Prefabs/Level5.prefab
  artifactKey: Guid(2d18f0e12bbe00e4084d87b6c3b9968a) Importer(815301076,1909f56bfc062723c751e8b465ee728b)
Start importing Assets/Level Prefabs/Level5.prefab using Guid(2d18f0e12bbe00e4084d87b6c3b9968a) Importer(815301076,1909f56bfc062723c751e8b465ee728b)  -> (artifact id: 'd9898240ee8a2078ac98e561a42e9e5d') in 0.801574 seconds
  Import took 0.850231 seconds .

========================================================================
Received Import Request.
  Time since last request: 0.019260 seconds.
  path: Assets/Level Prefabs/Level5.prefab
  artifactKey: Guid(2d18f0e12bbe00e4084d87b6c3b9968a) Importer(815301076,1909f56bfc062723c751e8b465ee728b)
Start importing Assets/Level Prefabs/Level5.prefab using Guid(2d18f0e12bbe00e4084d87b6c3b9968a) Importer(815301076,1909f56bfc062723c751e8b465ee728b)  -> (artifact id: 'd9898240ee8a2078ac98e561a42e9e5d') in 0.341364 seconds
  Import took 0.402202 seconds .

========================================================================
Received Prepare
Registering precompiled user dll's ...
Registered in 0.006112 seconds.
Begin MonoManager ReloadAssembly
Native extension for WindowsStandalone target not found
Refreshing native plugins compatible for Editor in 0.48 ms, found 3 plugins.
Preloading 0 native plugins for Editor in 0.00 ms.
Mono: successfully reloaded assembly
- Completed reload, in  1.095 seconds
Platform modules already initialized, skipping
Switching build target platform(5) subTarget(0) extendedPlatform(0) -> platform(13) subTarget(589824) extendedPlatform(0)
Refreshing native plugins compatible for Editor in 0.89 ms, found 3 plugins.
Preloading 0 native plugins for Editor in 0.00 ms.
Unloading 1688 Unused Serialized files (Serialized files now loaded: 0)
System memory in use before: 186.6 MB.
System memory in use after: 184.7 MB.

Unloading 22 unused Assets to reduce memory usage. Loaded Objects now: 2316.
Total: 3.063400 ms (FindLiveObjects: 0.331300 ms CreateObjectMapping: 0.097100 ms MarkObjects: 1.627300 ms  DeleteObjects: 1.006200 ms)

AssetImportParameters requested are different than current active one (requested -> active):
  custom:graphics/normal-map-encoding: 01000000000000000000000000000000 -> 02000000000000000000000000000000
========================================================================
Received Import Request.
  Time since last request: 77.101477 seconds.
  path: Assets/Level Prefabs/Level4.prefab
  artifactKey: Guid(cf29022ba39c96e47ac0d918a6a0daaa) Importer(815301076,1909f56bfc062723c751e8b465ee728b)
Start importing Assets/Level Prefabs/Level4.prefab using Guid(cf29022ba39c96e47ac0d918a6a0daaa) Importer(815301076,1909f56bfc062723c751e8b465ee728b)  -> (artifact id: '9185d94925ac0796cc8099b795b93785') in 0.743765 seconds
  Import took 0.768589 seconds .

========================================================================
Received Import Request.
  Time since last request: 0.332946 seconds.
  path: Assets/Level Prefabs/Level4.prefab
  artifactKey: Guid(cf29022ba39c96e47ac0d918a6a0daaa) Importer(815301076,1909f56bfc062723c751e8b465ee728b)
Start importing Assets/Level Prefabs/Level4.prefab using Guid(cf29022ba39c96e47ac0d918a6a0daaa) Importer(815301076,1909f56bfc062723c751e8b465ee728b)  -> (artifact id: '806004cc31ccec395dcd67b33a4e91ef') in 0.523100 seconds
  Import took 0.545810 seconds .

========================================================================
Received Import Request.
  Time since last request: 1.343633 seconds.
  path: Assets/Level Prefabs/Level4.prefab
  artifactKey: Guid(cf29022ba39c96e47ac0d918a6a0daaa) Importer(815301076,1909f56bfc062723c751e8b465ee728b)
Start importing Assets/Level Prefabs/Level4.prefab using Guid(cf29022ba39c96e47ac0d918a6a0daaa) Importer(815301076,1909f56bfc062723c751e8b465ee728b)  -> (artifact id: '441e3ab581da50caae4a8b0015da56cb') in 0.567162 seconds
  Import took 0.597014 seconds .

========================================================================
Received Import Request.
  Time since last request: 1.734355 seconds.
  path: Assets/Level Prefabs/Level4.prefab
  artifactKey: Guid(cf29022ba39c96e47ac0d918a6a0daaa) Importer(815301076,1909f56bfc062723c751e8b465ee728b)
Start importing Assets/Level Prefabs/Level4.prefab using Guid(cf29022ba39c96e47ac0d918a6a0daaa) Importer(815301076,1909f56bfc062723c751e8b465ee728b)  -> (artifact id: '4f2669f84104e4b7658c2fb6edaaa83b') in 0.594578 seconds
  Import took 0.618841 seconds .

========================================================================
Received Import Request.
  Time since last request: 3.864535 seconds.
  path: Assets/Level Prefabs/Level4.prefab
  artifactKey: Guid(cf29022ba39c96e47ac0d918a6a0daaa) Importer(815301076,1909f56bfc062723c751e8b465ee728b)
Start importing Assets/Level Prefabs/Level4.prefab using Guid(cf29022ba39c96e47ac0d918a6a0daaa) Importer(815301076,1909f56bfc062723c751e8b465ee728b)  -> (artifact id: '49fda9fb6611a81fedce677e4d16f46c') in 0.436295 seconds
  Import took 0.450224 seconds .

========================================================================
Received Import Request.
  Time since last request: 5.288518 seconds.
  path: Assets/Level Prefabs/Level4.prefab
  artifactKey: Guid(cf29022ba39c96e47ac0d918a6a0daaa) Importer(815301076,1909f56bfc062723c751e8b465ee728b)
Start importing Assets/Level Prefabs/Level4.prefab using Guid(cf29022ba39c96e47ac0d918a6a0daaa) Importer(815301076,1909f56bfc062723c751e8b465ee728b)  -> (artifact id: '5df7db7b48021a870b779f59a6442226') in 0.493804 seconds
  Import took 0.510081 seconds .

========================================================================
Received Import Request.
  Time since last request: 10.209468 seconds.
  path: Assets/Level Prefabs/Level4.prefab
  artifactKey: Guid(cf29022ba39c96e47ac0d918a6a0daaa) Importer(815301076,1909f56bfc062723c751e8b465ee728b)
Start importing Assets/Level Prefabs/Level4.prefab using Guid(cf29022ba39c96e47ac0d918a6a0daaa) Importer(815301076,1909f56bfc062723c751e8b465ee728b)  -> (artifact id: 'b85f049d3fff88e522a011d8160cedf0') in 0.634120 seconds
  Import took 0.670509 seconds .

========================================================================
Received Import Request.
  Time since last request: 5.016606 seconds.
  path: Assets/Level Prefabs/Level4.prefab
  artifactKey: Guid(cf29022ba39c96e47ac0d918a6a0daaa) Importer(815301076,1909f56bfc062723c751e8b465ee728b)
Start importing Assets/Level Prefabs/Level4.prefab using Guid(cf29022ba39c96e47ac0d918a6a0daaa) Importer(815301076,1909f56bfc062723c751e8b465ee728b)  -> (artifact id: '127ad0eaec7de24399567e7d7e1aec54') in 0.704569 seconds
  Import took 0.925574 seconds .

========================================================================
Received Import Request.
  Time since last request: 4.838186 seconds.
  path: Assets/Level Prefabs/Level4.prefab
  artifactKey: Guid(cf29022ba39c96e47ac0d918a6a0daaa) Importer(815301076,1909f56bfc062723c751e8b465ee728b)
Start importing Assets/Level Prefabs/Level4.prefab using Guid(cf29022ba39c96e47ac0d918a6a0daaa) Importer(815301076,1909f56bfc062723c751e8b465ee728b)  -> (artifact id: 'dd01b6b2d6a7af13dbea59a76745a31b') in 0.746837 seconds
  Import took 0.768968 seconds .

========================================================================
Received Import Request.
  Time since last request: 429.439230 seconds.
  path: Assets/Level Prefabs/Level4.prefab
  artifactKey: Guid(cf29022ba39c96e47ac0d918a6a0daaa) Importer(815301076,1909f56bfc062723c751e8b465ee728b)
Start importing Assets/Level Prefabs/Level4.prefab using Guid(cf29022ba39c96e47ac0d918a6a0daaa) Importer(815301076,1909f56bfc062723c751e8b465ee728b)  -> (artifact id: '71994f22d7eab6bc1cebf42505ac2ae7') in 0.362034 seconds
  Import took 0.375725 seconds .

========================================================================
Received Import Request.
  Time since last request: 6.265819 seconds.
  path: Assets/Level Prefabs/Level5.prefab
  artifactKey: Guid(2d18f0e12bbe00e4084d87b6c3b9968a) Importer(815301076,1909f56bfc062723c751e8b465ee728b)
Start importing Assets/Level Prefabs/Level5.prefab using Guid(2d18f0e12bbe00e4084d87b6c3b9968a) Importer(815301076,1909f56bfc062723c751e8b465ee728b)  -> (artifact id: '9c17e5c363f1302f2f07589ae0ce2cc4') in 0.333436 seconds
  Import took 0.346200 seconds .

========================================================================
Received Import Request.
  Time since last request: 2.599638 seconds.
  path: Assets/Level Prefabs/Level5.prefab
  artifactKey: Guid(2d18f0e12bbe00e4084d87b6c3b9968a) Importer(815301076,1909f56bfc062723c751e8b465ee728b)
Start importing Assets/Level Prefabs/Level5.prefab using Guid(2d18f0e12bbe00e4084d87b6c3b9968a) Importer(815301076,1909f56bfc062723c751e8b465ee728b)  -> (artifact id: 'a0ca3301472b112073891a786f506444') in 0.372516 seconds
  Import took 0.384201 seconds .

========================================================================
Received Import Request.
  Time since last request: 1.169976 seconds.
  path: Assets/Level Prefabs/Level5.prefab
  artifactKey: Guid(2d18f0e12bbe00e4084d87b6c3b9968a) Importer(815301076,1909f56bfc062723c751e8b465ee728b)
Start importing Assets/Level Prefabs/Level5.prefab using Guid(2d18f0e12bbe00e4084d87b6c3b9968a) Importer(815301076,1909f56bfc062723c751e8b465ee728b)  -> (artifact id: '316fffca293f3b11fa5e04899f438344') in 0.343330 seconds
  Import took 0.354745 seconds .

========================================================================
Received Import Request.
  Time since last request: 0.216987 seconds.
  path: Assets/Level Prefabs/Level5.prefab
  artifactKey: Guid(2d18f0e12bbe00e4084d87b6c3b9968a) Importer(815301076,1909f56bfc062723c751e8b465ee728b)
Start importing Assets/Level Prefabs/Level5.prefab using Guid(2d18f0e12bbe00e4084d87b6c3b9968a) Importer(815301076,1909f56bfc062723c751e8b465ee728b)  -> (artifact id: 'd629a79d9577ed0ee5a0c4ae6abf0aea') in 0.378034 seconds
  Import took 0.394413 seconds .

========================================================================
Received Import Request.
  Time since last request: 2.007079 seconds.
  path: Assets/Level Prefabs/Level5.prefab
  artifactKey: Guid(2d18f0e12bbe00e4084d87b6c3b9968a) Importer(815301076,1909f56bfc062723c751e8b465ee728b)
Start importing Assets/Level Prefabs/Level5.prefab using Guid(2d18f0e12bbe00e4084d87b6c3b9968a) Importer(815301076,1909f56bfc062723c751e8b465ee728b)  -> (artifact id: '4d72dc1d61d59de01e5a09eb74a9ec61') in 0.681946 seconds
  Import took 0.695254 seconds .

========================================================================
Received Import Request.
  Time since last request: 2.847444 seconds.
  path: Assets/Level Prefabs/Level5.prefab
  artifactKey: Guid(2d18f0e12bbe00e4084d87b6c3b9968a) Importer(815301076,1909f56bfc062723c751e8b465ee728b)
Start importing Assets/Level Prefabs/Level5.prefab using Guid(2d18f0e12bbe00e4084d87b6c3b9968a) Importer(815301076,1909f56bfc062723c751e8b465ee728b)  -> (artifact id: '8cc22827e9c19f764bb39828d76cbf56') in 0.454620 seconds
  Import took 0.470157 seconds .

========================================================================
Received Import Request.
  Time since last request: 5.728662 seconds.
  path: Assets/Level Prefabs/Level5.prefab
  artifactKey: Guid(2d18f0e12bbe00e4084d87b6c3b9968a) Importer(815301076,1909f56bfc062723c751e8b465ee728b)
Start importing Assets/Level Prefabs/Level5.prefab using Guid(2d18f0e12bbe00e4084d87b6c3b9968a) Importer(815301076,1909f56bfc062723c751e8b465ee728b)  -> (artifact id: '52d4d93cc20cb30d91664d501d575cca') in 0.514858 seconds
  Import took 0.554125 seconds .

========================================================================
Received Import Request.
  Time since last request: 0.503812 seconds.
  path: Assets/Level Prefabs/Level5.prefab
  artifactKey: Guid(2d18f0e12bbe00e4084d87b6c3b9968a) Importer(815301076,1909f56bfc062723c751e8b465ee728b)
Start importing Assets/Level Prefabs/Level5.prefab using Guid(2d18f0e12bbe00e4084d87b6c3b9968a) Importer(815301076,1909f56bfc062723c751e8b465ee728b)  -> (artifact id: '18fb4e6d291981be3d169be36f315b7d') in 0.385776 seconds
  Import took 0.401664 seconds .

========================================================================
Received Import Request.
  Time since last request: 3.242754 seconds.
  path: Assets/Level Prefabs/Level5.prefab
  artifactKey: Guid(2d18f0e12bbe00e4084d87b6c3b9968a) Importer(815301076,1909f56bfc062723c751e8b465ee728b)
Start importing Assets/Level Prefabs/Level5.prefab using Guid(2d18f0e12bbe00e4084d87b6c3b9968a) Importer(815301076,1909f56bfc062723c751e8b465ee728b)  -> (artifact id: 'ee9cf0131b6da9a390b69d6dca427510') in 0.294358 seconds
  Import took 0.306440 seconds .

========================================================================
Received Import Request.
  Time since last request: 5.735537 seconds.
  path: Assets/Level Prefabs/Level5.prefab
  artifactKey: Guid(2d18f0e12bbe00e4084d87b6c3b9968a) Importer(815301076,1909f56bfc062723c751e8b465ee728b)
Start importing Assets/Level Prefabs/Level5.prefab using Guid(2d18f0e12bbe00e4084d87b6c3b9968a) Importer(815301076,1909f56bfc062723c751e8b465ee728b)  -> (artifact id: 'ec4cb26448cb360bf77d8d240ab9a910') in 0.293626 seconds
  Import took 0.306476 seconds .

========================================================================
Received Import Request.
  Time since last request: 4.724205 seconds.
  path: Assets/Level Prefabs/Level5.prefab
  artifactKey: Guid(2d18f0e12bbe00e4084d87b6c3b9968a) Importer(815301076,1909f56bfc062723c751e8b465ee728b)
Start importing Assets/Level Prefabs/Level5.prefab using Guid(2d18f0e12bbe00e4084d87b6c3b9968a) Importer(815301076,1909f56bfc062723c751e8b465ee728b)  -> (artifact id: 'd1d8773a9181489bcf2aaa1c3cb7a7df') in 0.310031 seconds
  Import took 0.322005 seconds .

========================================================================
Received Import Request.
  Time since last request: 1.888964 seconds.
  path: Assets/Level Prefabs/Level5.prefab
  artifactKey: Guid(2d18f0e12bbe00e4084d87b6c3b9968a) Importer(815301076,1909f56bfc062723c751e8b465ee728b)
Start importing Assets/Level Prefabs/Level5.prefab using Guid(2d18f0e12bbe00e4084d87b6c3b9968a) Importer(815301076,1909f56bfc062723c751e8b465ee728b)  -> (artifact id: '366038532e359c64ee02e966c8728ccc') in 0.304697 seconds
  Import took 0.320154 seconds .

========================================================================
Received Import Request.
  Time since last request: 6.338521 seconds.
  path: Assets/Level Prefabs/Level5.prefab
  artifactKey: Guid(2d18f0e12bbe00e4084d87b6c3b9968a) Importer(815301076,1909f56bfc062723c751e8b465ee728b)
Start importing Assets/Level Prefabs/Level5.prefab using Guid(2d18f0e12bbe00e4084d87b6c3b9968a) Importer(815301076,1909f56bfc062723c751e8b465ee728b)  -> (artifact id: '83cb3469e7e6a8d65af6b545c1d0b8ea') in 0.326665 seconds
  Import took 0.340952 seconds .

========================================================================
Received Import Request.
  Time since last request: 12.276387 seconds.
  path: Assets/Level Prefabs/Level5.prefab
  artifactKey: Guid(2d18f0e12bbe00e4084d87b6c3b9968a) Importer(815301076,1909f56bfc062723c751e8b465ee728b)
Start importing Assets/Level Prefabs/Level5.prefab using Guid(2d18f0e12bbe00e4084d87b6c3b9968a) Importer(815301076,1909f56bfc062723c751e8b465ee728b)  -> (artifact id: '836479e5b07f2f554f29593b3b52d9e2') in 0.364092 seconds
  Import took 0.375945 seconds .

========================================================================
Received Import Request.
  Time since last request: 4.252963 seconds.
  path: Assets/Level Prefabs/Level5.prefab
  artifactKey: Guid(2d18f0e12bbe00e4084d87b6c3b9968a) Importer(815301076,1909f56bfc062723c751e8b465ee728b)
Start importing Assets/Level Prefabs/Level5.prefab using Guid(2d18f0e12bbe00e4084d87b6c3b9968a) Importer(815301076,1909f56bfc062723c751e8b465ee728b)  -> (artifact id: '2b4970641751b4c51c37569253726710') in 0.332698 seconds
  Import took 0.344092 seconds .

========================================================================
Received Import Request.
  Time since last request: 15.895839 seconds.
  path: Assets/Level Prefabs/Level5.prefab
  artifactKey: Guid(2d18f0e12bbe00e4084d87b6c3b9968a) Importer(815301076,1909f56bfc062723c751e8b465ee728b)
Start importing Assets/Level Prefabs/Level5.prefab using Guid(2d18f0e12bbe00e4084d87b6c3b9968a) Importer(815301076,1909f56bfc062723c751e8b465ee728b)  -> (artifact id: '4d1ac08bc91c5efbf068f1988492ee93') in 0.324436 seconds
  Import took 0.334909 seconds .

========================================================================
Received Import Request.
  Time since last request: 5.124100 seconds.
  path: Assets/Level Prefabs/Level5.prefab
  artifactKey: Guid(2d18f0e12bbe00e4084d87b6c3b9968a) Importer(815301076,1909f56bfc062723c751e8b465ee728b)
Start importing Assets/Level Prefabs/Level5.prefab using Guid(2d18f0e12bbe00e4084d87b6c3b9968a) Importer(815301076,1909f56bfc062723c751e8b465ee728b)  -> (artifact id: 'dc22232ca21f8edeeb42fc8199031991') in 0.293499 seconds
  Import took 0.307025 seconds .

========================================================================
Received Import Request.
  Time since last request: 1.886370 seconds.
  path: Assets/Level Prefabs/Level5.prefab
  artifactKey: Guid(2d18f0e12bbe00e4084d87b6c3b9968a) Importer(815301076,1909f56bfc062723c751e8b465ee728b)
Start importing Assets/Level Prefabs/Level5.prefab using Guid(2d18f0e12bbe00e4084d87b6c3b9968a) Importer(815301076,1909f56bfc062723c751e8b465ee728b)  -> (artifact id: '0eae9d29bdbb6c26dea069d37bb57c00') in 0.306097 seconds
  Import took 0.319346 seconds .

========================================================================
Received Import Request.
  Time since last request: 6.343111 seconds.
  path: Assets/Level Prefabs/Level5.prefab
  artifactKey: Guid(2d18f0e12bbe00e4084d87b6c3b9968a) Importer(815301076,1909f56bfc062723c751e8b465ee728b)
Start importing Assets/Level Prefabs/Level5.prefab using Guid(2d18f0e12bbe00e4084d87b6c3b9968a) Importer(815301076,1909f56bfc062723c751e8b465ee728b)  -> (artifact id: 'a13c3db74c10d424d64fad999e1aa0fd') in 0.318625 seconds
  Import took 0.330366 seconds .

========================================================================
Received Import Request.
  Time since last request: 7.130981 seconds.
  path: Assets/Level Prefabs/Level5.prefab
  artifactKey: Guid(2d18f0e12bbe00e4084d87b6c3b9968a) Importer(815301076,1909f56bfc062723c751e8b465ee728b)
Start importing Assets/Level Prefabs/Level5.prefab using Guid(2d18f0e12bbe00e4084d87b6c3b9968a) Importer(815301076,1909f56bfc062723c751e8b465ee728b)  -> (artifact id: '596360d5c6d4a323a34dd79d57e2ce43') in 0.434755 seconds
  Import took 0.449040 seconds .

========================================================================
Received Import Request.
  Time since last request: 14.829007 seconds.
  path: Assets/Level Prefabs/Level5.prefab
  artifactKey: Guid(2d18f0e12bbe00e4084d87b6c3b9968a) Importer(815301076,1909f56bfc062723c751e8b465ee728b)
Start importing Assets/Level Prefabs/Level5.prefab using Guid(2d18f0e12bbe00e4084d87b6c3b9968a) Importer(815301076,1909f56bfc062723c751e8b465ee728b)  -> (artifact id: '778ab9c93d0103dd5aa4f22c49560da7') in 0.290742 seconds
  Import took 0.303570 seconds .

========================================================================
Received Prepare
Registering precompiled user dll's ...
Registered in 0.001786 seconds.
Begin MonoManager ReloadAssembly
Native extension for WindowsStandalone target not found
Refreshing native plugins compatible for Editor in 2.12 ms, found 3 plugins.
Preloading 0 native plugins for Editor in 0.00 ms.
Mono: successfully reloaded assembly
- Completed reload, in  1.599 seconds
Platform modules already initialized, skipping
Switching build target platform(5) subTarget(0) extendedPlatform(0) -> platform(13) subTarget(589824) extendedPlatform(0)
Refreshing native plugins compatible for Editor in 0.52 ms, found 3 plugins.
Preloading 0 native plugins for Editor in 0.00 ms.
Unloading 1688 Unused Serialized files (Serialized files now loaded: 0)
System memory in use before: 192.5 MB.
System memory in use after: 190.6 MB.

Unloading 23 unused Assets to reduce memory usage. Loaded Objects now: 2320.
Total: 2.951900 ms (FindLiveObjects: 0.235600 ms CreateObjectMapping: 0.067400 ms MarkObjects: 1.665000 ms  DeleteObjects: 0.982500 ms)

AssetImportParameters requested are different than current active one (requested -> active):
  custom:graphics/normal-map-encoding: 01000000000000000000000000000000 -> 02000000000000000000000000000000
AssetImportWorkerClient::OnTransportError - code=2 error=End of file
